<?xml version="1.0" encoding="UTF-8"?>
<testsuite xmlns:xsi="http://www.w3.org/2001/XMLSchema-instance" xsi:noNamespaceSchemaLocation="https://maven.apache.org/surefire/maven-surefire-plugin/xsd/surefire-test-report-3.0.xsd" version="3.0" name="Utilisateur pour la Connexion à DejaMobile" time="79.735" tests="4" errors="2" skipped="0" failures="0">
  <properties>
[...]
</properties>
  <testcase name="Tentative de connexion avec un mot de passe invalide" classname="Utilisateur pour la Connexion à DejaMobile" time="18.764">
    <error message="Could not start a new session. Response code 500. Message: An unknown server-side error occurred while processing the command. Original error: Could not proxy command to the remote server. Original error: socket hang up &#10;Host info: host: &apos;MBP-de-macbook.lan&apos;, ip: &apos;2001:861:42c0:bf00:c8b0:fac5:93ca:52e0%en0&apos;&#10;Build info: version: &apos;4.11.0&apos;, revision: &apos;040bc5406b&apos;&#10;System info: os.name: &apos;Mac OS X&apos;, os.arch: &apos;x86_64&apos;, os.version: &apos;14.4.1&apos;, java.version: &apos;22.0.1&apos;&#10;Driver info: io.appium.java_client.android.AndroidDriver&#10;Command: [null, newSession {capabilities=[{appium:noReset=false, appium:newCommandTimeout=600, appium:appActivity=com.dejamobile.cbp.sps.app.mobile.launch.SplashActivity, appium:deviceName=PIXEL, platformName=ANDROID, appium:automationName=UiAutomator2, appium:platformVersion=10.0, appium:appPackage=com.dejamobile.cbp.sps.demo}], desiredCapabilities=Capabilities {appium:appActivity: com.dejamobile.cbp.sps.app...., appium:appPackage: com.dejamobile.cbp.sps.demo, appium:automationName: UiAutomator2, appium:deviceName: PIXEL, appium:newCommandTimeout: 600, appium:noReset: false, appium:platformVersion: 10.0, platformName: ANDROID}}]&#10;Capabilities {appium:appActivity: com.dejamobile.cbp.sps.app...., appium:appPackage: com.dejamobile.cbp.sps.demo, appium:automationName: UiAutomator2, appium:deviceName: PIXEL, appium:newCommandTimeout: 600, appium:noReset: false, appium:platformVersion: 10.0, platformName: ANDROID}" type="org.openqa.selenium.SessionNotCreatedException"><![CDATA[org.openqa.selenium.SessionNotCreatedException: 
Could not start a new session. Response code 500. Message: An unknown server-side error occurred while processing the command. Original error: Could not proxy command to the remote server. Original error: socket hang up 
Host info: host: 'MBP-de-macbook.lan', ip: '2001:861:42c0:bf00:c8b0:fac5:93ca:52e0%en0'
Build info: version: '4.11.0', revision: '040bc5406b'
System info: os.name: 'Mac OS X', os.arch: 'x86_64', os.version: '14.4.1', java.version: '22.0.1'
Driver info: io.appium.java_client.android.AndroidDriver
Command: [null, newSession {capabilities=[{appium:noReset=false, appium:newCommandTimeout=600, appium:appActivity=com.dejamobile.cbp.sps.app.mobile.launch.SplashActivity, appium:deviceName=PIXEL, platformName=ANDROID, appium:automationName=UiAutomator2, appium:platformVersion=10.0, appium:appPackage=com.dejamobile.cbp.sps.demo}], desiredCapabilities=Capabilities {appium:appActivity: com.dejamobile.cbp.sps.app...., appium:appPackage: com.dejamobile.cbp.sps.demo, appium:automationName: UiAutomator2, appium:deviceName: PIXEL, appium:newCommandTimeout: 600, appium:noReset: false, appium:platformVersion: 10.0, platformName: ANDROID}}]
Capabilities {appium:appActivity: com.dejamobile.cbp.sps.app...., appium:appPackage: com.dejamobile.cbp.sps.demo, appium:automationName: UiAutomator2, appium:deviceName: PIXEL, appium:newCommandTimeout: 600, appium:noReset: false, appium:platformVersion: 10.0, platformName: ANDROID}
	at org.openqa.selenium.remote.ProtocolHandshake.createSession(ProtocolHandshake.java:140)
	at java.base/jdk.internal.reflect.DirectMethodHandleAccessor.invoke(DirectMethodHandleAccessor.java:103)
	at java.base/java.lang.reflect.Method.invoke(Method.java:580)
	at io.appium.java_client.remote.AppiumProtocolHandshake.createSession(AppiumProtocolHandshake.java:133)
	at io.appium.java_client.remote.AppiumProtocolHandshake.createSession(AppiumProtocolHandshake.java:102)
	at io.appium.java_client.remote.AppiumCommandExecutor.createSession(AppiumCommandExecutor.java:182)
	at io.appium.java_client.remote.AppiumCommandExecutor.execute(AppiumCommandExecutor.java:250)
	at org.openqa.selenium.remote.RemoteWebDriver.execute(RemoteWebDriver.java:518)
	at io.appium.java_client.AppiumDriver.startSession(AppiumDriver.java:274)
	at org.openqa.selenium.remote.RemoteWebDriver.<init>(RemoteWebDriver.java:159)
	at io.appium.java_client.AppiumDriver.<init>(AppiumDriver.java:89)
	at io.appium.java_client.AppiumDriver.<init>(AppiumDriver.java:101)
	at io.appium.java_client.android.AndroidDriver.<init>(AndroidDriver.java:113)
	at utilities.Driver.getDriver(Driver.java:34)
	at pages.DejaMobilePage.<init>(DejaMobilePage.java:13)
	at stepdefinitions.DejaMobileStep.<init>(DejaMobileStep.java:18)
	at java.base/jdk.internal.reflect.DirectConstructorHandleAccessor.newInstance(DirectConstructorHandleAccessor.java:62)
	at java.base/java.lang.reflect.Constructor.newInstanceWithCaller(Constructor.java:502)
	at java.base/java.lang.reflect.Constructor.newInstance(Constructor.java:486)
	at org.picocontainer.injectors.AbstractInjector.newInstance(AbstractInjector.java:145)
	at org.picocontainer.injectors.ConstructorInjector$1.run(ConstructorInjector.java:342)
	at org.picocontainer.injectors.AbstractInjector$ThreadLocalCyclicDependencyGuard.observe(AbstractInjector.java:270)
	at org.picocontainer.injectors.ConstructorInjector.getComponentInstance(ConstructorInjector.java:364)
	at org.picocontainer.injectors.AbstractInjectionFactory$LifecycleAdapter.getComponentInstance(AbstractInjectionFactory.java:56)
	at org.picocontainer.behaviors.AbstractBehavior.getComponentInstance(AbstractBehavior.java:64)
	at org.picocontainer.behaviors.Stored.getComponentInstance(Stored.java:91)
	at org.picocontainer.DefaultPicoContainer.getInstance(DefaultPicoContainer.java:699)
	at org.picocontainer.DefaultPicoContainer.getComponent(DefaultPicoContainer.java:647)
	at org.picocontainer.DefaultPicoContainer.getComponent(DefaultPicoContainer.java:678)
	at io.cucumber.picocontainer.PicoFactory.getInstance(PicoFactory.java:54)
	at io.cucumber.java.AbstractGlueDefinition.invokeMethod(AbstractGlueDefinition.java:47)
	at io.cucumber.java.JavaStepDefinition.execute(JavaStepDefinition.java:29)
	at io.cucumber.core.runner.CoreStepDefinition.execute(CoreStepDefinition.java:66)
	at io.cucumber.core.runner.PickleStepDefinitionMatch.runStep(PickleStepDefinitionMatch.java:63)
	at io.cucumber.core.runner.ExecutionMode$1.execute(ExecutionMode.java:10)
	at io.cucumber.core.runner.TestStep.executeStep(TestStep.java:84)
	at io.cucumber.core.runner.TestStep.run(TestStep.java:56)
	at io.cucumber.core.runner.PickleStepTestStep.run(PickleStepTestStep.java:51)
	at io.cucumber.core.runner.TestCase.run(TestCase.java:84)
	at io.cucumber.core.runner.Runner.runPickle(Runner.java:75)
	at io.cucumber.junit.PickleRunners$NoStepDescriptions.lambda$run$0(PickleRunners.java:151)
	at io.cucumber.core.runtime.CucumberExecutionContext.lambda$runTestCase$5(CucumberExecutionContext.java:137)
	at io.cucumber.core.runtime.RethrowingThrowableCollector.executeAndThrow(RethrowingThrowableCollector.java:23)
	at io.cucumber.core.runtime.CucumberExecutionContext.runTestCase(CucumberExecutionContext.java:137)
	at io.cucumber.junit.PickleRunners$NoStepDescriptions.run(PickleRunners.java:148)
	at io.cucumber.junit.FeatureRunner.runChild(FeatureRunner.java:144)
	at io.cucumber.junit.FeatureRunner.runChild(FeatureRunner.java:28)
	at org.junit.runners.ParentRunner$4.run(ParentRunner.java:331)
	at org.junit.runners.ParentRunner$1.schedule(ParentRunner.java:79)
	at org.junit.runners.ParentRunner.runChildren(ParentRunner.java:329)
	at org.junit.runners.ParentRunner.access$100(ParentRunner.java:66)
	at org.junit.runners.ParentRunner$2.evaluate(ParentRunner.java:293)
	at org.junit.runners.ParentRunner$3.evaluate(ParentRunner.java:306)
	at org.junit.runners.ParentRunner.run(ParentRunner.java:413)
	at io.cucumber.junit.FeatureRunner.run(FeatureRunner.java:137)
	at io.cucumber.junit.Cucumber.runChild(Cucumber.java:196)
	at io.cucumber.junit.Cucumber.runChild(Cucumber.java:89)
	at org.junit.runners.ParentRunner$4.run(ParentRunner.java:331)
	at org.apache.maven.surefire.junitcore.pc.Scheduler$1.run(Scheduler.java:398)
	at java.base/java.util.concurrent.Executors$RunnableAdapter.call(Executors.java:572)
	at java.base/java.util.concurrent.FutureTask.run(FutureTask.java:317)
	at java.base/java.util.concurrent.ThreadPoolExecutor.runWorker(ThreadPoolExecutor.java:1144)
	at java.base/java.util.concurrent.ThreadPoolExecutor$Worker.run(ThreadPoolExecutor.java:642)
	at java.base/java.lang.Thread.run(Thread.java:1570)
]]></error>
    <system-out><![CDATA[
@smoke @DEJ-4
Scenario: Tentative de connexion avec un mot de passe invalide &amp#27;[90m# src/test/resources/features/Login.feature:4&amp#27;[0m
  &amp#27;[31mGiven &amp#27;[0m&amp#27;[31mlutilisateur souhaite se connecter à l'application&amp#27;[0m     &amp#27;[90m# stepdefinitions.DejaMobileStep.lutilisateurSouhaiteSeConnecterALApplication()&amp#27;[0m
      &amp#27;[31morg.openqa.selenium.SessionNotCreatedException: Could not start a new session. Response code 500. Message: An unknown server-side error occurred while processing the command. Original error: Could not proxy command to the remote server. Original error: socket hang up 
Host info: host: 'MBP-de-macbook.lan', ip: '2001:861:42c0:bf00:c8b0:fac5:93ca:52e0%en0'
Build info: version: '4.11.0', revision: '040bc5406b'
System info: os.name: 'Mac OS X', os.arch: 'x86_64', os.version: '14.4.1', java.version: '22.0.1'
Driver info: io.appium.java_client.android.AndroidDriver
Command: [null, newSession {capabilities=[{appium:noReset=false, appium:newCommandTimeout=600, appium:appActivity=com.dejamobile.cbp.sps.app.mobile.launch.SplashActivity, appium:deviceName=PIXEL, platformName=ANDROID, appium:automationName=UiAutomator2, appium:platformVersion=10.0, appium:appPackage=com.dejamobile.cbp.sps.demo}], desiredCapabilities=Capabilities {appium:appActivity: com.dejamobile.cbp.sps.app...., appium:appPackage: com.dejamobile.cbp.sps.demo, appium:automationName: UiAutomator2, appium:deviceName: PIXEL, appium:newCommandTimeout: 600, appium:noReset: false, appium:platformVersion: 10.0, platformName: ANDROID}}]
Capabilities {appium:appActivity: com.dejamobile.cbp.sps.app...., appium:appPackage: com.dejamobile.cbp.sps.demo, appium:automationName: UiAutomator2, appium:deviceName: PIXEL, appium:newCommandTimeout: 600, appium:noReset: false, appium:platformVersion: 10.0, platformName: ANDROID}
	at org.openqa.selenium.remote.ProtocolHandshake.createSession(ProtocolHandshake.java:140)
	at java.base/jdk.internal.reflect.DirectMethodHandleAccessor.invoke(DirectMethodHandleAccessor.java:103)
	at java.base/java.lang.reflect.Method.invoke(Method.java:580)
	at io.appium.java_client.remote.AppiumProtocolHandshake.createSession(AppiumProtocolHandshake.java:133)
	at io.appium.java_client.remote.AppiumProtocolHandshake.createSession(AppiumProtocolHandshake.java:102)
	at io.appium.java_client.remote.AppiumCommandExecutor.createSession(AppiumCommandExecutor.java:182)
	at io.appium.java_client.remote.AppiumCommandExecutor.execute(AppiumCommandExecutor.java:250)
	at org.openqa.selenium.remote.RemoteWebDriver.execute(RemoteWebDriver.java:518)
	at io.appium.java_client.AppiumDriver.startSession(AppiumDriver.java:274)
	at org.openqa.selenium.remote.RemoteWebDriver.<init>(RemoteWebDriver.java:159)
	at io.appium.java_client.AppiumDriver.<init>(AppiumDriver.java:89)
	at io.appium.java_client.AppiumDriver.<init>(AppiumDriver.java:101)
	at io.appium.java_client.android.AndroidDriver.<init>(AndroidDriver.java:113)
	at utilities.Driver.getDriver(Driver.java:34)
	at pages.DejaMobilePage.<init>(DejaMobilePage.java:13)
	at stepdefinitions.DejaMobileStep.<init>(DejaMobileStep.java:18)
	at java.base/jdk.internal.reflect.DirectConstructorHandleAccessor.newInstance(DirectConstructorHandleAccessor.java:62)
	at java.base/java.lang.reflect.Constructor.newInstanceWithCaller(Constructor.java:502)
	at java.base/java.lang.reflect.Constructor.newInstance(Constructor.java:486)
	at org.picocontainer.injectors.AbstractInjector.newInstance(AbstractInjector.java:145)
	at org.picocontainer.injectors.ConstructorInjector$1.run(ConstructorInjector.java:342)
	at org.picocontainer.injectors.AbstractInjector$ThreadLocalCyclicDependencyGuard.observe(AbstractInjector.java:270)
	at org.picocontainer.injectors.ConstructorInjector.getComponentInstance(ConstructorInjector.java:364)
	at org.picocontainer.injectors.AbstractInjectionFactory$LifecycleAdapter.getComponentInstance(AbstractInjectionFactory.java:56)
	at org.picocontainer.behaviors.AbstractBehavior.getComponentInstance(AbstractBehavior.java:64)
	at org.picocontainer.behaviors.Stored.getComponentInstance(Stored.java:91)
	at org.picocontainer.DefaultPicoContainer.getInstance(DefaultPicoContainer.java:699)
	at org.picocontainer.DefaultPicoContainer.getComponent(DefaultPicoContainer.java:647)
	at org.picocontainer.DefaultPicoContainer.getComponent(DefaultPicoContainer.java:678)
	at io.cucumber.picocontainer.PicoFactory.getInstance(PicoFactory.java:54)
	at io.cucumber.java.AbstractGlueDefinition.invokeMethod(AbstractGlueDefinition.java:47)
	at io.cucumber.java.JavaStepDefinition.execute(JavaStepDefinition.java:29)
	at io.cucumber.core.runner.CoreStepDefinition.execute(CoreStepDefinition.java:66)
	at io.cucumber.core.runner.PickleStepDefinitionMatch.runStep(PickleStepDefinitionMatch.java:63)
	at io.cucumber.core.runner.ExecutionMode$1.execute(ExecutionMode.java:10)
	at io.cucumber.core.runner.TestStep.executeStep(TestStep.java:84)
	at io.cucumber.core.runner.TestStep.run(TestStep.java:56)
	at io.cucumber.core.runner.PickleStepTestStep.run(PickleStepTestStep.java:51)
	at io.cucumber.core.runner.TestCase.run(TestCase.java:84)
	at io.cucumber.core.runner.Runner.runPickle(Runner.java:75)
	at io.cucumber.junit.PickleRunners$NoStepDescriptions.lambda$run$0(PickleRunners.java:151)
	at io.cucumber.core.runtime.CucumberExecutionContext.lambda$runTestCase$5(CucumberExecutionContext.java:137)
	at io.cucumber.core.runtime.RethrowingThrowableCollector.executeAndThrow(RethrowingThrowableCollector.java:23)
	at io.cucumber.core.runtime.CucumberExecutionContext.runTestCase(CucumberExecutionContext.java:137)
	at io.cucumber.junit.PickleRunners$NoStepDescriptions.run(PickleRunners.java:148)
	at io.cucumber.junit.FeatureRunner.runChild(FeatureRunner.java:144)
	at io.cucumber.junit.FeatureRunner.runChild(FeatureRunner.java:28)
	at org.junit.runners.ParentRunner$4.run(ParentRunner.java:331)
	at org.junit.runners.ParentRunner$1.schedule(ParentRunner.java:79)
	at org.junit.runners.ParentRunner.runChildren(ParentRunner.java:329)
	at org.junit.runners.ParentRunner.access$100(ParentRunner.java:66)
	at org.junit.runners.ParentRunner$2.evaluate(ParentRunner.java:293)
	at org.junit.runners.ParentRunner$3.evaluate(ParentRunner.java:306)
	at org.junit.runners.ParentRunner.run(ParentRunner.java:413)
	at io.cucumber.junit.FeatureRunner.run(FeatureRunner.java:137)
	at io.cucumber.junit.Cucumber.runChild(Cucumber.java:196)
	at io.cucumber.junit.Cucumber.runChild(Cucumber.java:89)
	at org.junit.runners.ParentRunner$4.run(ParentRunner.java:331)
	at org.apache.maven.surefire.junitcore.pc.Scheduler$1.run(Scheduler.java:398)
	at java.base/java.util.concurrent.Executors$RunnableAdapter.call(Executors.java:572)
	at java.base/java.util.concurrent.FutureTask.run(FutureTask.java:317)
	at java.base/java.util.concurrent.ThreadPoolExecutor.runWorker(ThreadPoolExecutor.java:1144)
	at java.base/java.util.concurrent.ThreadPoolExecutor$Worker.run(ThreadPoolExecutor.java:642)
	at java.base/java.lang.Thread.run(Thread.java:1570)
&amp#27;[0m
  &amp#27;[36mWhen &amp#27;[0m&amp#27;[36mil accède à l'application DejaMobile&amp#27;[0m                    &amp#27;[90m# stepdefinitions.DejaMobileStep.ilAccedeALApplicationDejaMobile()&amp#27;[0m
  &amp#27;[36mAnd &amp#27;[0m&amp#27;[36ml'utilisateur saisit son adresse e-mail valide&amp#27;[0m           &amp#27;[90m# stepdefinitions.DejaMobileStep.lUtilisateurSaisitSonAdresseEMailValide()&amp#27;[0m
  &amp#27;[36mThen &amp#27;[0m&amp#27;[36msi l'utilisateur saisit un mot de passe invalide&amp#27;[0m        &amp#27;[90m# stepdefinitions.DejaMobileStep.siLUtilisateurSaisitUnMotDePasseInvalide()&amp#27;[0m
  &amp#27;[36mAnd &amp#27;[0m&amp#27;[36mun message d'erreur saffiche correctement&amp#27;[0m                &amp#27;[90m# stepdefinitions.DejaMobileStep.unMessageDErreurSafficheCorrectement()&amp#27;[0m

    Embedding screenshot [image/png 0 bytes]

]]></system-out>
    <system-err><![CDATA[SLF4J: No SLF4J providers were found.
SLF4J: Defaulting to no-operation (NOP) logger implementation
SLF4J: See https://www.slf4j.org/codes.html#noProviders for further details.
]]></system-err>
  </testcase>
  <testcase name="Tentative de connexion avec les champs vide" classname="Utilisateur pour la Connexion à DejaMobile" time="16.643">
    <system-out><![CDATA[
@smoke @DEJ-5
Scenario: Tentative de connexion avec les champs vide                &amp#27;[90m# src/test/resources/features/Login.feature:13&amp#27;[0m
  &amp#27;[32mGiven &amp#27;[0m&amp#27;[32mlutilisateur souhaite se connecter à l'application&amp#27;[0m           &amp#27;[90m# stepdefinitions.DejaMobileStep.lutilisateurSouhaiteSeConnecterALApplication()&amp#27;[0m
  &amp#27;[32mWhen &amp#27;[0m&amp#27;[32mil accède à l'application DejaMobile&amp#27;[0m                          &amp#27;[90m# stepdefinitions.DejaMobileStep.ilAccedeALApplicationDejaMobile()&amp#27;[0m
  &amp#27;[32mAnd &amp#27;[0m&amp#27;[32ml'utilisateur laisse le champ dadresse e-mail vide&amp#27;[0m             &amp#27;[90m# stepdefinitions.DejaMobileStep.lUtilisateurLaisseLeChampDadresseEMailVide()&amp#27;[0m
  &amp#27;[32mThen &amp#27;[0m&amp#27;[32ml'utilisateur laisse le champ du mot de passe vide&amp#27;[0m            &amp#27;[90m# stepdefinitions.DejaMobileStep.lUtilisateurLaisseLeChampDuMotDePasseVide()&amp#27;[0m
expectedText +dejaMobile.textErrorLesChampsVides.getText() = Email invalideEmail invalide
  &amp#27;[32mAnd &amp#27;[0m&amp#27;[32mun message d'erreur saffiche correctement pour les champs vide&amp#27;[0m &amp#27;[90m# stepdefinitions.DejaMobileStep.unMessageDErreurSafficheCorrectementPourLesChampsVide()&amp#27;[0m
]]></system-out>
  </testcase>
  <testcase name="Tentative de connexion avec succes" classname="Utilisateur pour la Connexion à DejaMobile" time="8.844">
    <system-out><![CDATA[
@smoke @DEJ-3
Scenario: Tentative de connexion avec succes                                                &amp#27;[90m# src/test/resources/features/Login.feature:23&amp#27;[0m
  &amp#27;[32mGiven &amp#27;[0m&amp#27;[32mlutilisateur souhaite se connecter à l'application&amp#27;[0m                                  &amp#27;[90m# stepdefinitions.DejaMobileStep.lutilisateurSouhaiteSeConnecterALApplication()&amp#27;[0m
  &amp#27;[32mWhen &amp#27;[0m&amp#27;[32mil accède à l'application DejaMobile&amp#27;[0m                                                 &amp#27;[90m# stepdefinitions.DejaMobileStep.ilAccedeALApplicationDejaMobile()&amp#27;[0m
  &amp#27;[32mAnd &amp#27;[0m&amp#27;[32mutilisateur voit les champs &amp#27;[0m&amp#27;[32m&amp#27;[1m"Adresse E-mail"&amp#27;[0m&amp#27;[32m And &amp#27;[0m&amp#27;[32m&amp#27;[1m"Mot de passe"&amp#27;[0m&amp#27;[32m sur la page d'accueil&amp#27;[0m &amp#27;[90m# stepdefinitions.DejaMobileStep.utilisateurVoitLesChampsAndSurLaPageDAccueil(java.lang.String,java.lang.String)&amp#27;[0m
  &amp#27;[32mThen &amp#27;[0m&amp#27;[32ml'utilisateur saisit ses informations de connexion&amp#27;[0m                                   &amp#27;[90m# stepdefinitions.DejaMobileStep.lUtilisateurSaisitSesInformationsDeConnexion()&amp#27;[0m
  &amp#27;[32mAnd &amp#27;[0m&amp#27;[32ml'utilisateur se connecte à son compte&amp#27;[0m                                                &amp#27;[90m# stepdefinitions.DejaMobileStep.lUtilisateurSeConnecteASonCompte()&amp#27;[0m
]]></system-out>
  </testcase>
  <testcase name="Tentative de connexion avec une adresse e-mail invalide" classname="Utilisateur pour la Connexion à DejaMobile" time="35.484">
    <error message="Could not start a new session. Response code 500. Message: An unknown server-side error occurred while processing the command. Original error: The instrumentation process cannot be initialized within 30000ms timeout. Make sure the application under test does not crash and investigate the logcat output. You could also try to increase the value of &apos;uiautomator2ServerLaunchTimeout&apos; capability &#10;Host info: host: &apos;MBP-de-macbook.lan&apos;, ip: &apos;2001:861:42c0:bf00:c8b0:fac5:93ca:52e0%en0&apos;&#10;Build info: version: &apos;4.11.0&apos;, revision: &apos;040bc5406b&apos;&#10;System info: os.name: &apos;Mac OS X&apos;, os.arch: &apos;x86_64&apos;, os.version: &apos;14.4.1&apos;, java.version: &apos;22.0.1&apos;&#10;Driver info: io.appium.java_client.android.AndroidDriver&#10;Command: [null, newSession {capabilities=[{appium:noReset=false, appium:newCommandTimeout=600, appium:appActivity=com.dejamobile.cbp.sps.app.mobile.launch.SplashActivity, appium:deviceName=PIXEL, platformName=ANDROID, appium:automationName=UiAutomator2, appium:platformVersion=10.0, appium:appPackage=com.dejamobile.cbp.sps.demo}], desiredCapabilities=Capabilities {appium:appActivity: com.dejamobile.cbp.sps.app...., appium:appPackage: com.dejamobile.cbp.sps.demo, appium:automationName: UiAutomator2, appium:deviceName: PIXEL, appium:newCommandTimeout: 600, appium:noReset: false, appium:platformVersion: 10.0, platformName: ANDROID}}]&#10;Capabilities {appium:appActivity: com.dejamobile.cbp.sps.app...., appium:appPackage: com.dejamobile.cbp.sps.demo, appium:automationName: UiAutomator2, appium:deviceName: PIXEL, appium:newCommandTimeout: 600, appium:noReset: false, appium:platformVersion: 10.0, platformName: ANDROID}" type="org.openqa.selenium.SessionNotCreatedException"><![CDATA[org.openqa.selenium.SessionNotCreatedException: 
Could not start a new session. Response code 500. Message: An unknown server-side error occurred while processing the command. Original error: The instrumentation process cannot be initialized within 30000ms timeout. Make sure the application under test does not crash and investigate the logcat output. You could also try to increase the value of 'uiautomator2ServerLaunchTimeout' capability 
Host info: host: 'MBP-de-macbook.lan', ip: '2001:861:42c0:bf00:c8b0:fac5:93ca:52e0%en0'
Build info: version: '4.11.0', revision: '040bc5406b'
System info: os.name: 'Mac OS X', os.arch: 'x86_64', os.version: '14.4.1', java.version: '22.0.1'
Driver info: io.appium.java_client.android.AndroidDriver
Command: [null, newSession {capabilities=[{appium:noReset=false, appium:newCommandTimeout=600, appium:appActivity=com.dejamobile.cbp.sps.app.mobile.launch.SplashActivity, appium:deviceName=PIXEL, platformName=ANDROID, appium:automationName=UiAutomator2, appium:platformVersion=10.0, appium:appPackage=com.dejamobile.cbp.sps.demo}], desiredCapabilities=Capabilities {appium:appActivity: com.dejamobile.cbp.sps.app...., appium:appPackage: com.dejamobile.cbp.sps.demo, appium:automationName: UiAutomator2, appium:deviceName: PIXEL, appium:newCommandTimeout: 600, appium:noReset: false, appium:platformVersion: 10.0, platformName: ANDROID}}]
Capabilities {appium:appActivity: com.dejamobile.cbp.sps.app...., appium:appPackage: com.dejamobile.cbp.sps.demo, appium:automationName: UiAutomator2, appium:deviceName: PIXEL, appium:newCommandTimeout: 600, appium:noReset: false, appium:platformVersion: 10.0, platformName: ANDROID}
	at org.openqa.selenium.remote.ProtocolHandshake.createSession(ProtocolHandshake.java:140)
	at java.base/jdk.internal.reflect.DirectMethodHandleAccessor.invoke(DirectMethodHandleAccessor.java:103)
	at java.base/java.lang.reflect.Method.invoke(Method.java:580)
	at io.appium.java_client.remote.AppiumProtocolHandshake.createSession(AppiumProtocolHandshake.java:133)
	at io.appium.java_client.remote.AppiumProtocolHandshake.createSession(AppiumProtocolHandshake.java:102)
	at io.appium.java_client.remote.AppiumCommandExecutor.createSession(AppiumCommandExecutor.java:182)
	at io.appium.java_client.remote.AppiumCommandExecutor.execute(AppiumCommandExecutor.java:250)
	at org.openqa.selenium.remote.RemoteWebDriver.execute(RemoteWebDriver.java:518)
	at io.appium.java_client.AppiumDriver.startSession(AppiumDriver.java:274)
	at org.openqa.selenium.remote.RemoteWebDriver.<init>(RemoteWebDriver.java:159)
	at io.appium.java_client.AppiumDriver.<init>(AppiumDriver.java:89)
	at io.appium.java_client.AppiumDriver.<init>(AppiumDriver.java:101)
	at io.appium.java_client.android.AndroidDriver.<init>(AndroidDriver.java:113)
	at utilities.Driver.getDriver(Driver.java:34)
	at pages.DejaMobilePage.<init>(DejaMobilePage.java:13)
	at stepdefinitions.DejaMobileStep.<init>(DejaMobileStep.java:18)
	at java.base/jdk.internal.reflect.DirectConstructorHandleAccessor.newInstance(DirectConstructorHandleAccessor.java:62)
	at java.base/java.lang.reflect.Constructor.newInstanceWithCaller(Constructor.java:502)
	at java.base/java.lang.reflect.Constructor.newInstance(Constructor.java:486)
	at org.picocontainer.injectors.AbstractInjector.newInstance(AbstractInjector.java:145)
	at org.picocontainer.injectors.ConstructorInjector$1.run(ConstructorInjector.java:342)
	at org.picocontainer.injectors.AbstractInjector$ThreadLocalCyclicDependencyGuard.observe(AbstractInjector.java:270)
	at org.picocontainer.injectors.ConstructorInjector.getComponentInstance(ConstructorInjector.java:364)
	at org.picocontainer.injectors.AbstractInjectionFactory$LifecycleAdapter.getComponentInstance(AbstractInjectionFactory.java:56)
	at org.picocontainer.behaviors.AbstractBehavior.getComponentInstance(AbstractBehavior.java:64)
	at org.picocontainer.behaviors.Stored.getComponentInstance(Stored.java:91)
	at org.picocontainer.DefaultPicoContainer.getInstance(DefaultPicoContainer.java:699)
	at org.picocontainer.DefaultPicoContainer.getComponent(DefaultPicoContainer.java:647)
	at org.picocontainer.DefaultPicoContainer.getComponent(DefaultPicoContainer.java:678)
	at io.cucumber.picocontainer.PicoFactory.getInstance(PicoFactory.java:54)
	at io.cucumber.java.AbstractGlueDefinition.invokeMethod(AbstractGlueDefinition.java:47)
	at io.cucumber.java.JavaStepDefinition.execute(JavaStepDefinition.java:29)
	at io.cucumber.core.runner.CoreStepDefinition.execute(CoreStepDefinition.java:66)
	at io.cucumber.core.runner.PickleStepDefinitionMatch.runStep(PickleStepDefinitionMatch.java:63)
	at io.cucumber.core.runner.ExecutionMode$1.execute(ExecutionMode.java:10)
	at io.cucumber.core.runner.TestStep.executeStep(TestStep.java:84)
	at io.cucumber.core.runner.TestStep.run(TestStep.java:56)
	at io.cucumber.core.runner.PickleStepTestStep.run(PickleStepTestStep.java:51)
	at io.cucumber.core.runner.TestCase.run(TestCase.java:84)
	at io.cucumber.core.runner.Runner.runPickle(Runner.java:75)
	at io.cucumber.junit.PickleRunners$NoStepDescriptions.lambda$run$0(PickleRunners.java:151)
	at io.cucumber.core.runtime.CucumberExecutionContext.lambda$runTestCase$5(CucumberExecutionContext.java:137)
	at io.cucumber.core.runtime.RethrowingThrowableCollector.executeAndThrow(RethrowingThrowableCollector.java:23)
	at io.cucumber.core.runtime.CucumberExecutionContext.runTestCase(CucumberExecutionContext.java:137)
	at io.cucumber.junit.PickleRunners$NoStepDescriptions.run(PickleRunners.java:148)
	at io.cucumber.junit.FeatureRunner.runChild(FeatureRunner.java:144)
	at io.cucumber.junit.FeatureRunner.runChild(FeatureRunner.java:28)
	at org.junit.runners.ParentRunner$4.run(ParentRunner.java:331)
	at org.junit.runners.ParentRunner$1.schedule(ParentRunner.java:79)
	at org.junit.runners.ParentRunner.runChildren(ParentRunner.java:329)
	at org.junit.runners.ParentRunner.access$100(ParentRunner.java:66)
	at org.junit.runners.ParentRunner$2.evaluate(ParentRunner.java:293)
	at org.junit.runners.ParentRunner$3.evaluate(ParentRunner.java:306)
	at org.junit.runners.ParentRunner.run(ParentRunner.java:413)
	at io.cucumber.junit.FeatureRunner.run(FeatureRunner.java:137)
	at io.cucumber.junit.Cucumber.runChild(Cucumber.java:196)
	at io.cucumber.junit.Cucumber.runChild(Cucumber.java:89)
	at org.junit.runners.ParentRunner$4.run(ParentRunner.java:331)
	at org.apache.maven.surefire.junitcore.pc.Scheduler$1.run(Scheduler.java:398)
	at java.base/java.util.concurrent.Executors$RunnableAdapter.call(Executors.java:572)
	at java.base/java.util.concurrent.FutureTask.run(FutureTask.java:317)
	at java.base/java.util.concurrent.ThreadPoolExecutor.runWorker(ThreadPoolExecutor.java:1144)
	at java.base/java.util.concurrent.ThreadPoolExecutor$Worker.run(ThreadPoolExecutor.java:642)
	at java.base/java.lang.Thread.run(Thread.java:1570)
]]></error>
    <system-out><![CDATA[
@smoke @DEJ-6
Scenario: Tentative de connexion avec une adresse e-mail invalide &amp#27;[90m# src/test/resources/features/Login.feature:33&amp#27;[0m
  &amp#27;[31mGiven &amp#27;[0m&amp#27;[31mlutilisateur souhaite se connecter à l'application&amp#27;[0m        &amp#27;[90m# stepdefinitions.DejaMobileStep.lutilisateurSouhaiteSeConnecterALApplication()&amp#27;[0m
      &amp#27;[31morg.openqa.selenium.SessionNotCreatedException: Could not start a new session. Response code 500. Message: An unknown server-side error occurred while processing the command. Original error: The instrumentation process cannot be initialized within 30000ms timeout. Make sure the application under test does not crash and investigate the logcat output. You could also try to increase the value of 'uiautomator2ServerLaunchTimeout' capability 
Host info: host: 'MBP-de-macbook.lan', ip: '2001:861:42c0:bf00:c8b0:fac5:93ca:52e0%en0'
Build info: version: '4.11.0', revision: '040bc5406b'
System info: os.name: 'Mac OS X', os.arch: 'x86_64', os.version: '14.4.1', java.version: '22.0.1'
Driver info: io.appium.java_client.android.AndroidDriver
Command: [null, newSession {capabilities=[{appium:noReset=false, appium:newCommandTimeout=600, appium:appActivity=com.dejamobile.cbp.sps.app.mobile.launch.SplashActivity, appium:deviceName=PIXEL, platformName=ANDROID, appium:automationName=UiAutomator2, appium:platformVersion=10.0, appium:appPackage=com.dejamobile.cbp.sps.demo}], desiredCapabilities=Capabilities {appium:appActivity: com.dejamobile.cbp.sps.app...., appium:appPackage: com.dejamobile.cbp.sps.demo, appium:automationName: UiAutomator2, appium:deviceName: PIXEL, appium:newCommandTimeout: 600, appium:noReset: false, appium:platformVersion: 10.0, platformName: ANDROID}}]
Capabilities {appium:appActivity: com.dejamobile.cbp.sps.app...., appium:appPackage: com.dejamobile.cbp.sps.demo, appium:automationName: UiAutomator2, appium:deviceName: PIXEL, appium:newCommandTimeout: 600, appium:noReset: false, appium:platformVersion: 10.0, platformName: ANDROID}
	at org.openqa.selenium.remote.ProtocolHandshake.createSession(ProtocolHandshake.java:140)
	at java.base/jdk.internal.reflect.DirectMethodHandleAccessor.invoke(DirectMethodHandleAccessor.java:103)
	at java.base/java.lang.reflect.Method.invoke(Method.java:580)
	at io.appium.java_client.remote.AppiumProtocolHandshake.createSession(AppiumProtocolHandshake.java:133)
	at io.appium.java_client.remote.AppiumProtocolHandshake.createSession(AppiumProtocolHandshake.java:102)
	at io.appium.java_client.remote.AppiumCommandExecutor.createSession(AppiumCommandExecutor.java:182)
	at io.appium.java_client.remote.AppiumCommandExecutor.execute(AppiumCommandExecutor.java:250)
	at org.openqa.selenium.remote.RemoteWebDriver.execute(RemoteWebDriver.java:518)
	at io.appium.java_client.AppiumDriver.startSession(AppiumDriver.java:274)
	at org.openqa.selenium.remote.RemoteWebDriver.<init>(RemoteWebDriver.java:159)
	at io.appium.java_client.AppiumDriver.<init>(AppiumDriver.java:89)
	at io.appium.java_client.AppiumDriver.<init>(AppiumDriver.java:101)
	at io.appium.java_client.android.AndroidDriver.<init>(AndroidDriver.java:113)
	at utilities.Driver.getDriver(Driver.java:34)
	at pages.DejaMobilePage.<init>(DejaMobilePage.java:13)
	at stepdefinitions.DejaMobileStep.<init>(DejaMobileStep.java:18)
	at java.base/jdk.internal.reflect.DirectConstructorHandleAccessor.newInstance(DirectConstructorHandleAccessor.java:62)
	at java.base/java.lang.reflect.Constructor.newInstanceWithCaller(Constructor.java:502)
	at java.base/java.lang.reflect.Constructor.newInstance(Constructor.java:486)
	at org.picocontainer.injectors.AbstractInjector.newInstance(AbstractInjector.java:145)
	at org.picocontainer.injectors.ConstructorInjector$1.run(ConstructorInjector.java:342)
	at org.picocontainer.injectors.AbstractInjector$ThreadLocalCyclicDependencyGuard.observe(AbstractInjector.java:270)
	at org.picocontainer.injectors.ConstructorInjector.getComponentInstance(ConstructorInjector.java:364)
	at org.picocontainer.injectors.AbstractInjectionFactory$LifecycleAdapter.getComponentInstance(AbstractInjectionFactory.java:56)
	at org.picocontainer.behaviors.AbstractBehavior.getComponentInstance(AbstractBehavior.java:64)
	at org.picocontainer.behaviors.Stored.getComponentInstance(Stored.java:91)
	at org.picocontainer.DefaultPicoContainer.getInstance(DefaultPicoContainer.java:699)
	at org.picocontainer.DefaultPicoContainer.getComponent(DefaultPicoContainer.java:647)
	at org.picocontainer.DefaultPicoContainer.getComponent(DefaultPicoContainer.java:678)
	at io.cucumber.picocontainer.PicoFactory.getInstance(PicoFactory.java:54)
	at io.cucumber.java.AbstractGlueDefinition.invokeMethod(AbstractGlueDefinition.java:47)
	at io.cucumber.java.JavaStepDefinition.execute(JavaStepDefinition.java:29)
	at io.cucumber.core.runner.CoreStepDefinition.execute(CoreStepDefinition.java:66)
	at io.cucumber.core.runner.PickleStepDefinitionMatch.runStep(PickleStepDefinitionMatch.java:63)
	at io.cucumber.core.runner.ExecutionMode$1.execute(ExecutionMode.java:10)
	at io.cucumber.core.runner.TestStep.executeStep(TestStep.java:84)
	at io.cucumber.core.runner.TestStep.run(TestStep.java:56)
	at io.cucumber.core.runner.PickleStepTestStep.run(PickleStepTestStep.java:51)
	at io.cucumber.core.runner.TestCase.run(TestCase.java:84)
	at io.cucumber.core.runner.Runner.runPickle(Runner.java:75)
	at io.cucumber.junit.PickleRunners$NoStepDescriptions.lambda$run$0(PickleRunners.java:151)
	at io.cucumber.core.runtime.CucumberExecutionContext.lambda$runTestCase$5(CucumberExecutionContext.java:137)
	at io.cucumber.core.runtime.RethrowingThrowableCollector.executeAndThrow(RethrowingThrowableCollector.java:23)
	at io.cucumber.core.runtime.CucumberExecutionContext.runTestCase(CucumberExecutionContext.java:137)
	at io.cucumber.junit.PickleRunners$NoStepDescriptions.run(PickleRunners.java:148)
	at io.cucumber.junit.FeatureRunner.runChild(FeatureRunner.java:144)
	at io.cucumber.junit.FeatureRunner.runChild(FeatureRunner.java:28)
	at org.junit.runners.ParentRunner$4.run(ParentRunner.java:331)
	at org.junit.runners.ParentRunner$1.schedule(ParentRunner.java:79)
	at org.junit.runners.ParentRunner.runChildren(ParentRunner.java:329)
	at org.junit.runners.ParentRunner.access$100(ParentRunner.java:66)
	at org.junit.runners.ParentRunner$2.evaluate(ParentRunner.java:293)
	at org.junit.runners.ParentRunner$3.evaluate(ParentRunner.java:306)
	at org.junit.runners.ParentRunner.run(ParentRunner.java:413)
	at io.cucumber.junit.FeatureRunner.run(FeatureRunner.java:137)
	at io.cucumber.junit.Cucumber.runChild(Cucumber.java:196)
	at io.cucumber.junit.Cucumber.runChild(Cucumber.java:89)
	at org.junit.runners.ParentRunner$4.run(ParentRunner.java:331)
	at org.apache.maven.surefire.junitcore.pc.Scheduler$1.run(Scheduler.java:398)
	at java.base/java.util.concurrent.Executors$RunnableAdapter.call(Executors.java:572)
	at java.base/java.util.concurrent.FutureTask.run(FutureTask.java:317)
	at java.base/java.util.concurrent.ThreadPoolExecutor.runWorker(ThreadPoolExecutor.java:1144)
	at java.base/java.util.concurrent.ThreadPoolExecutor$Worker.run(ThreadPoolExecutor.java:642)
	at java.base/java.lang.Thread.run(Thread.java:1570)
&amp#27;[0m
  &amp#27;[36mWhen &amp#27;[0m&amp#27;[36mil accède à l'application DejaMobile&amp#27;[0m                       &amp#27;[90m# stepdefinitions.DejaMobileStep.ilAccedeALApplicationDejaMobile()&amp#27;[0m
  &amp#27;[36mAnd &amp#27;[0m&amp#27;[36ml'utilisateur saisit son adresse e-mail invalide&amp#27;[0m            &amp#27;[90m# stepdefinitions.DejaMobileStep.lUtilisateurSaisitSonAdresseEMailInvalide()&amp#27;[0m
  &amp#27;[36mThen &amp#27;[0m&amp#27;[36msi l'utilisateur saisit une mot de passe valide&amp#27;[0m            &amp#27;[90m# stepdefinitions.DejaMobileStep.siLUtilisateurSaisitUneMotDePasseValide()&amp#27;[0m
  &amp#27;[36mAnd &amp#27;[0m&amp#27;[36mun message d'erreur saffiche correctement&amp#27;[0m                   &amp#27;[90m# stepdefinitions.DejaMobileStep.unMessageDErreurSafficheCorrectement()&amp#27;[0m

    Embedding screenshot [image/png 0 bytes]

]]></system-out>
  </testcase>
</testsuite>